<?xml version="1.0" encoding="UTF-8"?>
<!-- Generated by org.testng.reporters.JUnitReportReporter -->
<testsuite hostname="DESKTOP-1RK3SK9" failures="0" tests="1" name="testcases.Tc_01_Login" time="0.910" errors="0" timestamp="2024-09-19T14:52:47 IST" skipped="0">
  <testcase classname="testcases.Tc_01_Login" name="Loginpage" time="0.910"/>
</testsuite> <!-- testcases.Tc_01_Login -->
