<?xml version="1.0" encoding="UTF-8"?>
<!-- Generated by org.testng.reporters.JUnitReportReporter -->
<testsuite hostname="DESKTOP-1RK3SK9" failures="0" tests="1" name="testcases.Tc_03_Select" time="1.873" errors="0" timestamp="2024-09-19T14:52:47 IST" skipped="0">
  <testcase classname="testcases.Tc_03_Select" name="Selecthotel" time="1.873"/>
</testsuite> <!-- testcases.Tc_03_Select -->
